<?xml version="1.0" encoding="UTF-8"?>
<!-- Generated by org.testng.reporters.JUnitXMLReporter -->
<testsuite hostname="Likitha" ignored="0" name="Command line test" tests="6" failures="0" timestamp="24 Apr 2020 12:38:18 GMT" time="0.064" errors="0">
  <testcase name="demoAppium" time="0.011" classname="demoMaven.AppiumTest"/>
  <testcase name="demoAppium1" time="0.001" classname="demoMaven.AppiumTest"/>
  <testcase name="demoRest" time="0.001" classname="demoMaven.RestAssuredTest"/>
  <testcase name="demoRest1" time="0.0" classname="demoMaven.RestAssuredTest"/>
  <testcase name="demoWeb" time="0.001" classname="demoMaven.WebTest"/>
  <testcase name="demoWeb1" time="0.0" classname="demoMaven.WebTest"/>
</testsuite> <!-- Command line test -->
